Copyright 1986-2022 Xilinx, Inc. All Rights Reserved. Copyright 2022-2023 Advanced Micro Devices, Inc. All Rights Reserved.
-----------------------------------------------------------------------------------------------------------------------------------------------------------
| Tool Version : Vivado v.2023.2 (win64) Build 4029153 Fri Oct 13 20:14:34 MDT 2023
| Date         : Wed Dec 20 16:36:49 2023
| Host         : Senku running 64-bit major release  (build 9200)
| Command      : report_methodology -file vga_top_methodology_drc_routed.rpt -pb vga_top_methodology_drc_routed.pb -rpx vga_top_methodology_drc_routed.rpx
| Design       : vga_top
| Device       : xc7a100tcsg324-1
| Speed File   : -1
| Design State : Fully Routed
-----------------------------------------------------------------------------------------------------------------------------------------------------------

Report Methodology

Table of Contents
-----------------
1. REPORT SUMMARY
2. REPORT DETAILS

1. REPORT SUMMARY
-----------------
            Netlist: netlist
          Floorplan: design_1
      Design limits: <entire design considered>
             Max violations: <unlimited>
             Violations found: 199
+-----------+------------------+--------------------------------+------------+
| Rule      | Severity         | Description                    | Violations |
+-----------+------------------+--------------------------------+------------+
| TIMING-17 | Critical Warning | Non-clocked sequential cell    | 134        |
| LUTAR-1   | Warning          | LUT drives async reset alert   | 7          |
| TIMING-20 | Warning          | Non-clocked latch              | 57         |
| LATCH-1   | Advisory         | Existing latches in the design | 1          |
+-----------+------------------+--------------------------------+------------+

2. REPORT DETAILS
-----------------
TIMING-17#1 Critical Warning
Non-clocked sequential cell  
The clock pin music/a1/square.div_cnt_reg[10]/C is not reached by a timing clock
Related violations: <none>

TIMING-17#2 Critical Warning
Non-clocked sequential cell  
The clock pin music/a1/square.div_cnt_reg[11]/C is not reached by a timing clock
Related violations: <none>

TIMING-17#3 Critical Warning
Non-clocked sequential cell  
The clock pin music/a1/square.div_cnt_reg[12]/C is not reached by a timing clock
Related violations: <none>

TIMING-17#4 Critical Warning
Non-clocked sequential cell  
The clock pin music/a1/square.div_cnt_reg[13]/C is not reached by a timing clock
Related violations: <none>

TIMING-17#5 Critical Warning
Non-clocked sequential cell  
The clock pin music/a1/square.div_cnt_reg[14]/C is not reached by a timing clock
Related violations: <none>

TIMING-17#6 Critical Warning
Non-clocked sequential cell  
The clock pin music/a1/square.div_cnt_reg[15]/C is not reached by a timing clock
Related violations: <none>

TIMING-17#7 Critical Warning
Non-clocked sequential cell  
The clock pin music/a1/square.div_cnt_reg[16]/C is not reached by a timing clock
Related violations: <none>

TIMING-17#8 Critical Warning
Non-clocked sequential cell  
The clock pin music/a1/square.div_cnt_reg[17]/C is not reached by a timing clock
Related violations: <none>

TIMING-17#9 Critical Warning
Non-clocked sequential cell  
The clock pin music/a1/square.div_cnt_reg[18]/C is not reached by a timing clock
Related violations: <none>

TIMING-17#10 Critical Warning
Non-clocked sequential cell  
The clock pin music/a1/square.div_cnt_reg[19]/C is not reached by a timing clock
Related violations: <none>

TIMING-17#11 Critical Warning
Non-clocked sequential cell  
The clock pin music/a1/square.div_cnt_reg[1]/C is not reached by a timing clock
Related violations: <none>

TIMING-17#12 Critical Warning
Non-clocked sequential cell  
The clock pin music/a1/square.div_cnt_reg[20]/C is not reached by a timing clock
Related violations: <none>

TIMING-17#13 Critical Warning
Non-clocked sequential cell  
The clock pin music/a1/square.div_cnt_reg[21]/C is not reached by a timing clock
Related violations: <none>

TIMING-17#14 Critical Warning
Non-clocked sequential cell  
The clock pin music/a1/square.div_cnt_reg[22]/C is not reached by a timing clock
Related violations: <none>

TIMING-17#15 Critical Warning
Non-clocked sequential cell  
The clock pin music/a1/square.div_cnt_reg[23]/C is not reached by a timing clock
Related violations: <none>

TIMING-17#16 Critical Warning
Non-clocked sequential cell  
The clock pin music/a1/square.div_cnt_reg[24]/C is not reached by a timing clock
Related violations: <none>

TIMING-17#17 Critical Warning
Non-clocked sequential cell  
The clock pin music/a1/square.div_cnt_reg[25]/C is not reached by a timing clock
Related violations: <none>

TIMING-17#18 Critical Warning
Non-clocked sequential cell  
The clock pin music/a1/square.div_cnt_reg[26]/C is not reached by a timing clock
Related violations: <none>

TIMING-17#19 Critical Warning
Non-clocked sequential cell  
The clock pin music/a1/square.div_cnt_reg[27]/C is not reached by a timing clock
Related violations: <none>

TIMING-17#20 Critical Warning
Non-clocked sequential cell  
The clock pin music/a1/square.div_cnt_reg[28]/C is not reached by a timing clock
Related violations: <none>

TIMING-17#21 Critical Warning
Non-clocked sequential cell  
The clock pin music/a1/square.div_cnt_reg[29]/C is not reached by a timing clock
Related violations: <none>

TIMING-17#22 Critical Warning
Non-clocked sequential cell  
The clock pin music/a1/square.div_cnt_reg[2]/C is not reached by a timing clock
Related violations: <none>

TIMING-17#23 Critical Warning
Non-clocked sequential cell  
The clock pin music/a1/square.div_cnt_reg[30]/C is not reached by a timing clock
Related violations: <none>

TIMING-17#24 Critical Warning
Non-clocked sequential cell  
The clock pin music/a1/square.div_cnt_reg[31]/C is not reached by a timing clock
Related violations: <none>

TIMING-17#25 Critical Warning
Non-clocked sequential cell  
The clock pin music/a1/square.div_cnt_reg[3]/C is not reached by a timing clock
Related violations: <none>

TIMING-17#26 Critical Warning
Non-clocked sequential cell  
The clock pin music/a1/square.div_cnt_reg[4]/C is not reached by a timing clock
Related violations: <none>

TIMING-17#27 Critical Warning
Non-clocked sequential cell  
The clock pin music/a1/square.div_cnt_reg[5]/C is not reached by a timing clock
Related violations: <none>

TIMING-17#28 Critical Warning
Non-clocked sequential cell  
The clock pin music/a1/square.div_cnt_reg[6]/C is not reached by a timing clock
Related violations: <none>

TIMING-17#29 Critical Warning
Non-clocked sequential cell  
The clock pin music/a1/square.div_cnt_reg[7]/C is not reached by a timing clock
Related violations: <none>

TIMING-17#30 Critical Warning
Non-clocked sequential cell  
The clock pin music/a1/square.div_cnt_reg[8]/C is not reached by a timing clock
Related violations: <none>

TIMING-17#31 Critical Warning
Non-clocked sequential cell  
The clock pin music/a1/square.div_cnt_reg[9]/C is not reached by a timing clock
Related violations: <none>

TIMING-17#32 Critical Warning
Non-clocked sequential cell  
The clock pin music/a1/tmp_clk_reg/C is not reached by a timing clock
Related violations: <none>

TIMING-17#33 Critical Warning
Non-clocked sequential cell  
The clock pin music/a2/square.div_cnt_reg[10]/C is not reached by a timing clock
Related violations: <none>

TIMING-17#34 Critical Warning
Non-clocked sequential cell  
The clock pin music/a2/square.div_cnt_reg[11]/C is not reached by a timing clock
Related violations: <none>

TIMING-17#35 Critical Warning
Non-clocked sequential cell  
The clock pin music/a2/square.div_cnt_reg[12]/C is not reached by a timing clock
Related violations: <none>

TIMING-17#36 Critical Warning
Non-clocked sequential cell  
The clock pin music/a2/square.div_cnt_reg[13]/C is not reached by a timing clock
Related violations: <none>

TIMING-17#37 Critical Warning
Non-clocked sequential cell  
The clock pin music/a2/square.div_cnt_reg[14]/C is not reached by a timing clock
Related violations: <none>

TIMING-17#38 Critical Warning
Non-clocked sequential cell  
The clock pin music/a2/square.div_cnt_reg[15]/C is not reached by a timing clock
Related violations: <none>

TIMING-17#39 Critical Warning
Non-clocked sequential cell  
The clock pin music/a2/square.div_cnt_reg[16]/C is not reached by a timing clock
Related violations: <none>

TIMING-17#40 Critical Warning
Non-clocked sequential cell  
The clock pin music/a2/square.div_cnt_reg[17]/C is not reached by a timing clock
Related violations: <none>

TIMING-17#41 Critical Warning
Non-clocked sequential cell  
The clock pin music/a2/square.div_cnt_reg[18]/C is not reached by a timing clock
Related violations: <none>

TIMING-17#42 Critical Warning
Non-clocked sequential cell  
The clock pin music/a2/square.div_cnt_reg[19]/C is not reached by a timing clock
Related violations: <none>

TIMING-17#43 Critical Warning
Non-clocked sequential cell  
The clock pin music/a2/square.div_cnt_reg[1]/C is not reached by a timing clock
Related violations: <none>

TIMING-17#44 Critical Warning
Non-clocked sequential cell  
The clock pin music/a2/square.div_cnt_reg[20]/C is not reached by a timing clock
Related violations: <none>

TIMING-17#45 Critical Warning
Non-clocked sequential cell  
The clock pin music/a2/square.div_cnt_reg[21]/C is not reached by a timing clock
Related violations: <none>

TIMING-17#46 Critical Warning
Non-clocked sequential cell  
The clock pin music/a2/square.div_cnt_reg[22]/C is not reached by a timing clock
Related violations: <none>

TIMING-17#47 Critical Warning
Non-clocked sequential cell  
The clock pin music/a2/square.div_cnt_reg[23]/C is not reached by a timing clock
Related violations: <none>

TIMING-17#48 Critical Warning
Non-clocked sequential cell  
The clock pin music/a2/square.div_cnt_reg[24]/C is not reached by a timing clock
Related violations: <none>

TIMING-17#49 Critical Warning
Non-clocked sequential cell  
The clock pin music/a2/square.div_cnt_reg[25]/C is not reached by a timing clock
Related violations: <none>

TIMING-17#50 Critical Warning
Non-clocked sequential cell  
The clock pin music/a2/square.div_cnt_reg[26]/C is not reached by a timing clock
Related violations: <none>

TIMING-17#51 Critical Warning
Non-clocked sequential cell  
The clock pin music/a2/square.div_cnt_reg[27]/C is not reached by a timing clock
Related violations: <none>

TIMING-17#52 Critical Warning
Non-clocked sequential cell  
The clock pin music/a2/square.div_cnt_reg[28]/C is not reached by a timing clock
Related violations: <none>

TIMING-17#53 Critical Warning
Non-clocked sequential cell  
The clock pin music/a2/square.div_cnt_reg[29]/C is not reached by a timing clock
Related violations: <none>

TIMING-17#54 Critical Warning
Non-clocked sequential cell  
The clock pin music/a2/square.div_cnt_reg[2]/C is not reached by a timing clock
Related violations: <none>

TIMING-17#55 Critical Warning
Non-clocked sequential cell  
The clock pin music/a2/square.div_cnt_reg[30]/C is not reached by a timing clock
Related violations: <none>

TIMING-17#56 Critical Warning
Non-clocked sequential cell  
The clock pin music/a2/square.div_cnt_reg[31]/C is not reached by a timing clock
Related violations: <none>

TIMING-17#57 Critical Warning
Non-clocked sequential cell  
The clock pin music/a2/square.div_cnt_reg[3]/C is not reached by a timing clock
Related violations: <none>

TIMING-17#58 Critical Warning
Non-clocked sequential cell  
The clock pin music/a2/square.div_cnt_reg[4]/C is not reached by a timing clock
Related violations: <none>

TIMING-17#59 Critical Warning
Non-clocked sequential cell  
The clock pin music/a2/square.div_cnt_reg[5]/C is not reached by a timing clock
Related violations: <none>

TIMING-17#60 Critical Warning
Non-clocked sequential cell  
The clock pin music/a2/square.div_cnt_reg[6]/C is not reached by a timing clock
Related violations: <none>

TIMING-17#61 Critical Warning
Non-clocked sequential cell  
The clock pin music/a2/square.div_cnt_reg[7]/C is not reached by a timing clock
Related violations: <none>

TIMING-17#62 Critical Warning
Non-clocked sequential cell  
The clock pin music/a2/square.div_cnt_reg[8]/C is not reached by a timing clock
Related violations: <none>

TIMING-17#63 Critical Warning
Non-clocked sequential cell  
The clock pin music/a2/square.div_cnt_reg[9]/C is not reached by a timing clock
Related violations: <none>

TIMING-17#64 Critical Warning
Non-clocked sequential cell  
The clock pin music/a2/tmp_clk_reg/C is not reached by a timing clock
Related violations: <none>

TIMING-17#65 Critical Warning
Non-clocked sequential cell  
The clock pin music/a3/square.div_cnt_reg[10]/C is not reached by a timing clock
Related violations: <none>

TIMING-17#66 Critical Warning
Non-clocked sequential cell  
The clock pin music/a3/square.div_cnt_reg[11]/C is not reached by a timing clock
Related violations: <none>

TIMING-17#67 Critical Warning
Non-clocked sequential cell  
The clock pin music/a3/square.div_cnt_reg[12]/C is not reached by a timing clock
Related violations: <none>

TIMING-17#68 Critical Warning
Non-clocked sequential cell  
The clock pin music/a3/square.div_cnt_reg[13]/C is not reached by a timing clock
Related violations: <none>

TIMING-17#69 Critical Warning
Non-clocked sequential cell  
The clock pin music/a3/square.div_cnt_reg[14]/C is not reached by a timing clock
Related violations: <none>

TIMING-17#70 Critical Warning
Non-clocked sequential cell  
The clock pin music/a3/square.div_cnt_reg[15]/C is not reached by a timing clock
Related violations: <none>

TIMING-17#71 Critical Warning
Non-clocked sequential cell  
The clock pin music/a3/square.div_cnt_reg[16]/C is not reached by a timing clock
Related violations: <none>

TIMING-17#72 Critical Warning
Non-clocked sequential cell  
The clock pin music/a3/square.div_cnt_reg[17]/C is not reached by a timing clock
Related violations: <none>

TIMING-17#73 Critical Warning
Non-clocked sequential cell  
The clock pin music/a3/square.div_cnt_reg[18]/C is not reached by a timing clock
Related violations: <none>

TIMING-17#74 Critical Warning
Non-clocked sequential cell  
The clock pin music/a3/square.div_cnt_reg[19]/C is not reached by a timing clock
Related violations: <none>

TIMING-17#75 Critical Warning
Non-clocked sequential cell  
The clock pin music/a3/square.div_cnt_reg[1]/C is not reached by a timing clock
Related violations: <none>

TIMING-17#76 Critical Warning
Non-clocked sequential cell  
The clock pin music/a3/square.div_cnt_reg[20]/C is not reached by a timing clock
Related violations: <none>

TIMING-17#77 Critical Warning
Non-clocked sequential cell  
The clock pin music/a3/square.div_cnt_reg[21]/C is not reached by a timing clock
Related violations: <none>

TIMING-17#78 Critical Warning
Non-clocked sequential cell  
The clock pin music/a3/square.div_cnt_reg[22]/C is not reached by a timing clock
Related violations: <none>

TIMING-17#79 Critical Warning
Non-clocked sequential cell  
The clock pin music/a3/square.div_cnt_reg[23]/C is not reached by a timing clock
Related violations: <none>

TIMING-17#80 Critical Warning
Non-clocked sequential cell  
The clock pin music/a3/square.div_cnt_reg[24]/C is not reached by a timing clock
Related violations: <none>

TIMING-17#81 Critical Warning
Non-clocked sequential cell  
The clock pin music/a3/square.div_cnt_reg[25]/C is not reached by a timing clock
Related violations: <none>

TIMING-17#82 Critical Warning
Non-clocked sequential cell  
The clock pin music/a3/square.div_cnt_reg[26]/C is not reached by a timing clock
Related violations: <none>

TIMING-17#83 Critical Warning
Non-clocked sequential cell  
The clock pin music/a3/square.div_cnt_reg[27]/C is not reached by a timing clock
Related violations: <none>

TIMING-17#84 Critical Warning
Non-clocked sequential cell  
The clock pin music/a3/square.div_cnt_reg[28]/C is not reached by a timing clock
Related violations: <none>

TIMING-17#85 Critical Warning
Non-clocked sequential cell  
The clock pin music/a3/square.div_cnt_reg[29]/C is not reached by a timing clock
Related violations: <none>

TIMING-17#86 Critical Warning
Non-clocked sequential cell  
The clock pin music/a3/square.div_cnt_reg[2]/C is not reached by a timing clock
Related violations: <none>

TIMING-17#87 Critical Warning
Non-clocked sequential cell  
The clock pin music/a3/square.div_cnt_reg[30]/C is not reached by a timing clock
Related violations: <none>

TIMING-17#88 Critical Warning
Non-clocked sequential cell  
The clock pin music/a3/square.div_cnt_reg[31]/C is not reached by a timing clock
Related violations: <none>

TIMING-17#89 Critical Warning
Non-clocked sequential cell  
The clock pin music/a3/square.div_cnt_reg[3]/C is not reached by a timing clock
Related violations: <none>

TIMING-17#90 Critical Warning
Non-clocked sequential cell  
The clock pin music/a3/square.div_cnt_reg[4]/C is not reached by a timing clock
Related violations: <none>

TIMING-17#91 Critical Warning
Non-clocked sequential cell  
The clock pin music/a3/square.div_cnt_reg[5]/C is not reached by a timing clock
Related violations: <none>

TIMING-17#92 Critical Warning
Non-clocked sequential cell  
The clock pin music/a3/square.div_cnt_reg[6]/C is not reached by a timing clock
Related violations: <none>

TIMING-17#93 Critical Warning
Non-clocked sequential cell  
The clock pin music/a3/square.div_cnt_reg[7]/C is not reached by a timing clock
Related violations: <none>

TIMING-17#94 Critical Warning
Non-clocked sequential cell  
The clock pin music/a3/square.div_cnt_reg[8]/C is not reached by a timing clock
Related violations: <none>

TIMING-17#95 Critical Warning
Non-clocked sequential cell  
The clock pin music/a3/square.div_cnt_reg[9]/C is not reached by a timing clock
Related violations: <none>

TIMING-17#96 Critical Warning
Non-clocked sequential cell  
The clock pin music/a3/tmp_clk_reg/C is not reached by a timing clock
Related violations: <none>

TIMING-17#97 Critical Warning
Non-clocked sequential cell  
The clock pin music/dac/sreg_reg[11]/C is not reached by a timing clock
Related violations: <none>

TIMING-17#98 Critical Warning
Non-clocked sequential cell  
The clock pin music/dac/sreg_reg[12]/C is not reached by a timing clock
Related violations: <none>

TIMING-17#99 Critical Warning
Non-clocked sequential cell  
The clock pin music/dac/sreg_reg[13]/C is not reached by a timing clock
Related violations: <none>

TIMING-17#100 Critical Warning
Non-clocked sequential cell  
The clock pin music/dac/sreg_reg[14]/C is not reached by a timing clock
Related violations: <none>

TIMING-17#101 Critical Warning
Non-clocked sequential cell  
The clock pin music/dac/sreg_reg[15]/C is not reached by a timing clock
Related violations: <none>

TIMING-17#102 Critical Warning
Non-clocked sequential cell  
The clock pin music/dac_load_L_reg/C is not reached by a timing clock
Related violations: <none>

TIMING-17#103 Critical Warning
Non-clocked sequential cell  
The clock pin music/dac_load_R_reg/C is not reached by a timing clock
Related violations: <none>

TIMING-17#104 Critical Warning
Non-clocked sequential cell  
The clock pin music/mb1/counter_reg[0]/C is not reached by a timing clock
Related violations: <none>

TIMING-17#105 Critical Warning
Non-clocked sequential cell  
The clock pin music/mb1/counter_reg[1]/C is not reached by a timing clock
Related violations: <none>

TIMING-17#106 Critical Warning
Non-clocked sequential cell  
The clock pin music/mb1/counter_reg[2]/C is not reached by a timing clock
Related violations: <none>

TIMING-17#107 Critical Warning
Non-clocked sequential cell  
The clock pin music/mb1/counter_reg[3]/C is not reached by a timing clock
Related violations: <none>

TIMING-17#108 Critical Warning
Non-clocked sequential cell  
The clock pin music/mb1/counter_reg[4]/C is not reached by a timing clock
Related violations: <none>

TIMING-17#109 Critical Warning
Non-clocked sequential cell  
The clock pin music/mb1/counter_reg[5]/C is not reached by a timing clock
Related violations: <none>

TIMING-17#110 Critical Warning
Non-clocked sequential cell  
The clock pin music/mb1/counter_reg[6]/C is not reached by a timing clock
Related violations: <none>

TIMING-17#111 Critical Warning
Non-clocked sequential cell  
The clock pin music/mb2/counter_reg[0]/C is not reached by a timing clock
Related violations: <none>

TIMING-17#112 Critical Warning
Non-clocked sequential cell  
The clock pin music/mb2/counter_reg[1]/C is not reached by a timing clock
Related violations: <none>

TIMING-17#113 Critical Warning
Non-clocked sequential cell  
The clock pin music/mb2/counter_reg[2]/C is not reached by a timing clock
Related violations: <none>

TIMING-17#114 Critical Warning
Non-clocked sequential cell  
The clock pin music/mb2/counter_reg[3]/C is not reached by a timing clock
Related violations: <none>

TIMING-17#115 Critical Warning
Non-clocked sequential cell  
The clock pin music/mb2/counter_reg[4]/C is not reached by a timing clock
Related violations: <none>

TIMING-17#116 Critical Warning
Non-clocked sequential cell  
The clock pin music/mb2/counter_reg[5]/C is not reached by a timing clock
Related violations: <none>

TIMING-17#117 Critical Warning
Non-clocked sequential cell  
The clock pin music/mb2/counter_reg[6]/C is not reached by a timing clock
Related violations: <none>

TIMING-17#118 Critical Warning
Non-clocked sequential cell  
The clock pin music/mb3/counter_reg[0]/C is not reached by a timing clock
Related violations: <none>

TIMING-17#119 Critical Warning
Non-clocked sequential cell  
The clock pin music/mb3/counter_reg[1]/C is not reached by a timing clock
Related violations: <none>

TIMING-17#120 Critical Warning
Non-clocked sequential cell  
The clock pin music/mb3/counter_reg[2]/C is not reached by a timing clock
Related violations: <none>

TIMING-17#121 Critical Warning
Non-clocked sequential cell  
The clock pin music/mb3/counter_reg[3]/C is not reached by a timing clock
Related violations: <none>

TIMING-17#122 Critical Warning
Non-clocked sequential cell  
The clock pin music/mb3/counter_reg[4]/C is not reached by a timing clock
Related violations: <none>

TIMING-17#123 Critical Warning
Non-clocked sequential cell  
The clock pin music/mb3/counter_reg[5]/C is not reached by a timing clock
Related violations: <none>

TIMING-17#124 Critical Warning
Non-clocked sequential cell  
The clock pin music/mb3/counter_reg[6]/C is not reached by a timing clock
Related violations: <none>

TIMING-17#125 Critical Warning
Non-clocked sequential cell  
The clock pin music/tcount_reg[0]/C is not reached by a timing clock
Related violations: <none>

TIMING-17#126 Critical Warning
Non-clocked sequential cell  
The clock pin music/tcount_reg[1]/C is not reached by a timing clock
Related violations: <none>

TIMING-17#127 Critical Warning
Non-clocked sequential cell  
The clock pin music/tcount_reg[2]/C is not reached by a timing clock
Related violations: <none>

TIMING-17#128 Critical Warning
Non-clocked sequential cell  
The clock pin music/tcount_reg[3]/C is not reached by a timing clock
Related violations: <none>

TIMING-17#129 Critical Warning
Non-clocked sequential cell  
The clock pin music/tcount_reg[4]/C is not reached by a timing clock
Related violations: <none>

TIMING-17#130 Critical Warning
Non-clocked sequential cell  
The clock pin music/tcount_reg[5]/C is not reached by a timing clock
Related violations: <none>

TIMING-17#131 Critical Warning
Non-clocked sequential cell  
The clock pin music/tcount_reg[6]/C is not reached by a timing clock
Related violations: <none>

TIMING-17#132 Critical Warning
Non-clocked sequential cell  
The clock pin music/tcount_reg[7]/C is not reached by a timing clock
Related violations: <none>

TIMING-17#133 Critical Warning
Non-clocked sequential cell  
The clock pin music/tcount_reg[8]/C is not reached by a timing clock
Related violations: <none>

TIMING-17#134 Critical Warning
Non-clocked sequential cell  
The clock pin music/tcount_reg[9]/C is not reached by a timing clock
Related violations: <none>

LUTAR-1#1 Warning
LUT drives async reset alert  
LUT cell my_gpu/g1/sq/color_reg[7]_i_3, with 2 or more inputs, drives asynchronous preset/clear pin(s) my_gpu/g1/sq/color_reg[0]/CLR, my_gpu/g1/sq/color_reg[1]/CLR,
my_gpu/g1/sq/color_reg[2]/CLR, my_gpu/g1/sq/color_reg[3]/CLR,
my_gpu/g1/sq/color_reg[4]/CLR, my_gpu/g1/sq/color_reg[5]/CLR,
my_gpu/g1/sq/color_reg[6]/CLR, my_gpu/g1/sq/color_reg[7]/CLR. The LUT may glitch and trigger an unexpected reset, even if it is a properly timed path.
Related violations: <none>

LUTAR-1#2 Warning
LUT drives async reset alert  
LUT cell vga_driver/space_reg[2]_i_2, with 2 or more inputs, drives asynchronous preset/clear pin(s) my_gpu/space_reg[2]/PRE, my_gpu/space_reg[2]_rep/PRE. The LUT may glitch and trigger an unexpected reset, even if it is a properly timed path.
Related violations: <none>

LUTAR-1#3 Warning
LUT drives async reset alert  
LUT cell vga_driver/space_reg[3]_i_1, with 2 or more inputs, drives asynchronous preset/clear pin(s) my_gpu/space_reg[3]/CLR. The LUT may glitch and trigger an unexpected reset, even if it is a properly timed path.
Related violations: <none>

LUTAR-1#4 Warning
LUT drives async reset alert  
LUT cell vga_driver/word_reg[21]_i_2, with 2 or more inputs, drives asynchronous preset/clear pin(s) my_gpu/word_reg[10]/CLR, my_gpu/word_reg[11]/PRE, my_gpu/word_reg[17]/CLR,
my_gpu/word_reg[21]/CLR, my_gpu/word_reg[8]/PRE. The LUT may glitch and trigger an unexpected reset, even if it is a properly timed path.
Related violations: <none>

LUTAR-1#5 Warning
LUT drives async reset alert  
LUT cell vga_driver/word_reg[23]_i_2, with 2 or more inputs, drives asynchronous preset/clear pin(s) my_gpu/word_reg[14]/CLR, my_gpu/word_reg[19]/CLR, my_gpu/word_reg[1]/CLR,
my_gpu/word_reg[22]/CLR, my_gpu/word_reg[23]/CLR, my_gpu/word_reg[4]/CLR,
my_gpu/word_reg[5]/CLR, my_gpu/word_reg[6]/CLR. The LUT may glitch and trigger an unexpected reset, even if it is a properly timed path.
Related violations: <none>

LUTAR-1#6 Warning
LUT drives async reset alert  
LUT cell vga_driver/word_reg[27]_i_2, with 2 or more inputs, drives asynchronous preset/clear pin(s) my_gpu/word_reg[14]/PRE, my_gpu/word_reg[18]/CLR, my_gpu/word_reg[19]/PRE,
my_gpu/word_reg[1]/PRE, my_gpu/word_reg[20]/CLR, my_gpu/word_reg[22]/PRE,
my_gpu/word_reg[23]/PRE, my_gpu/word_reg[24]/CLR, my_gpu/word_reg[27]/CLR,
my_gpu/word_reg[2]/CLR, my_gpu/word_reg[3]/CLR, my_gpu/word_reg[4]/PRE,
my_gpu/word_reg[5]/PRE, my_gpu/word_reg[6]/PRE, my_gpu/word_reg[7]/CLR
 (the first 15 of 21 listed). The LUT may glitch and trigger an unexpected reset, even if it is a properly timed path.
Related violations: <none>

LUTAR-1#7 Warning
LUT drives async reset alert  
LUT cell vga_driver/word_reg[27]_i_3, with 2 or more inputs, drives asynchronous preset/clear pin(s) my_gpu/word_reg[0]/PRE, my_gpu/word_reg[12]/PRE, my_gpu/word_reg[13]/PRE,
my_gpu/word_reg[18]/PRE, my_gpu/word_reg[20]/PRE, my_gpu/word_reg[24]/PRE,
my_gpu/word_reg[27]/PRE, my_gpu/word_reg[2]/PRE, my_gpu/word_reg[3]/PRE
my_gpu/word_reg[7]/PRE. The LUT may glitch and trigger an unexpected reset, even if it is a properly timed path.
Related violations: <none>

TIMING-20#1 Warning
Non-clocked latch  
The latch my_gpu/g1/sq/color_reg[0] cannot be properly analyzed as its control pin my_gpu/g1/sq/color_reg[0]/G is not reached by a timing clock
Related violations: <none>

TIMING-20#2 Warning
Non-clocked latch  
The latch my_gpu/g1/sq/color_reg[1] cannot be properly analyzed as its control pin my_gpu/g1/sq/color_reg[1]/G is not reached by a timing clock
Related violations: <none>

TIMING-20#3 Warning
Non-clocked latch  
The latch my_gpu/g1/sq/color_reg[2] cannot be properly analyzed as its control pin my_gpu/g1/sq/color_reg[2]/G is not reached by a timing clock
Related violations: <none>

TIMING-20#4 Warning
Non-clocked latch  
The latch my_gpu/g1/sq/color_reg[3] cannot be properly analyzed as its control pin my_gpu/g1/sq/color_reg[3]/G is not reached by a timing clock
Related violations: <none>

TIMING-20#5 Warning
Non-clocked latch  
The latch my_gpu/g1/sq/color_reg[4] cannot be properly analyzed as its control pin my_gpu/g1/sq/color_reg[4]/G is not reached by a timing clock
Related violations: <none>

TIMING-20#6 Warning
Non-clocked latch  
The latch my_gpu/g1/sq/color_reg[5] cannot be properly analyzed as its control pin my_gpu/g1/sq/color_reg[5]/G is not reached by a timing clock
Related violations: <none>

TIMING-20#7 Warning
Non-clocked latch  
The latch my_gpu/g1/sq/color_reg[6] cannot be properly analyzed as its control pin my_gpu/g1/sq/color_reg[6]/G is not reached by a timing clock
Related violations: <none>

TIMING-20#8 Warning
Non-clocked latch  
The latch my_gpu/g1/sq/color_reg[7] cannot be properly analyzed as its control pin my_gpu/g1/sq/color_reg[7]/G is not reached by a timing clock
Related violations: <none>

TIMING-20#9 Warning
Non-clocked latch  
The latch my_gpu/num_reg[15] cannot be properly analyzed as its control pin my_gpu/num_reg[15]/G is not reached by a timing clock
Related violations: <none>

TIMING-20#10 Warning
Non-clocked latch  
The latch my_gpu/num_reg[15]_rep cannot be properly analyzed as its control pin my_gpu/num_reg[15]_rep/G is not reached by a timing clock
Related violations: <none>

TIMING-20#11 Warning
Non-clocked latch  
The latch my_gpu/num_reg[15]_rep__0 cannot be properly analyzed as its control pin my_gpu/num_reg[15]_rep__0/G is not reached by a timing clock
Related violations: <none>

TIMING-20#12 Warning
Non-clocked latch  
The latch my_gpu/space_reg[2]/L7 (in my_gpu/space_reg[2] macro) cannot be properly analyzed as its control pin my_gpu/space_reg[2]/L7/G is not reached by a timing clock
Related violations: <none>

TIMING-20#13 Warning
Non-clocked latch  
The latch my_gpu/space_reg[2]_rep/L7 (in my_gpu/space_reg[2]_rep macro) cannot be properly analyzed as its control pin my_gpu/space_reg[2]_rep/L7/G is not reached by a timing clock
Related violations: <none>

TIMING-20#14 Warning
Non-clocked latch  
The latch my_gpu/space_reg[3]/L7 (in my_gpu/space_reg[3] macro) cannot be properly analyzed as its control pin my_gpu/space_reg[3]/L7/G is not reached by a timing clock
Related violations: <none>

TIMING-20#15 Warning
Non-clocked latch  
The latch my_gpu/word_reg[0]/L7 (in my_gpu/word_reg[0] macro) cannot be properly analyzed as its control pin my_gpu/word_reg[0]/L7/G is not reached by a timing clock
Related violations: <none>

TIMING-20#16 Warning
Non-clocked latch  
The latch my_gpu/word_reg[10] cannot be properly analyzed as its control pin my_gpu/word_reg[10]/G is not reached by a timing clock
Related violations: <none>

TIMING-20#17 Warning
Non-clocked latch  
The latch my_gpu/word_reg[11] cannot be properly analyzed as its control pin my_gpu/word_reg[11]/G is not reached by a timing clock
Related violations: <none>

TIMING-20#18 Warning
Non-clocked latch  
The latch my_gpu/word_reg[12]/L7 (in my_gpu/word_reg[12] macro) cannot be properly analyzed as its control pin my_gpu/word_reg[12]/L7/G is not reached by a timing clock
Related violations: <none>

TIMING-20#19 Warning
Non-clocked latch  
The latch my_gpu/word_reg[13]/L7 (in my_gpu/word_reg[13] macro) cannot be properly analyzed as its control pin my_gpu/word_reg[13]/L7/G is not reached by a timing clock
Related violations: <none>

TIMING-20#20 Warning
Non-clocked latch  
The latch my_gpu/word_reg[14]/L7 (in my_gpu/word_reg[14] macro) cannot be properly analyzed as its control pin my_gpu/word_reg[14]/L7/G is not reached by a timing clock
Related violations: <none>

TIMING-20#21 Warning
Non-clocked latch  
The latch my_gpu/word_reg[17] cannot be properly analyzed as its control pin my_gpu/word_reg[17]/G is not reached by a timing clock
Related violations: <none>

TIMING-20#22 Warning
Non-clocked latch  
The latch my_gpu/word_reg[18]/L7 (in my_gpu/word_reg[18] macro) cannot be properly analyzed as its control pin my_gpu/word_reg[18]/L7/G is not reached by a timing clock
Related violations: <none>

TIMING-20#23 Warning
Non-clocked latch  
The latch my_gpu/word_reg[19]/L7 (in my_gpu/word_reg[19] macro) cannot be properly analyzed as its control pin my_gpu/word_reg[19]/L7/G is not reached by a timing clock
Related violations: <none>

TIMING-20#24 Warning
Non-clocked latch  
The latch my_gpu/word_reg[1]/L7 (in my_gpu/word_reg[1] macro) cannot be properly analyzed as its control pin my_gpu/word_reg[1]/L7/G is not reached by a timing clock
Related violations: <none>

TIMING-20#25 Warning
Non-clocked latch  
The latch my_gpu/word_reg[20]/L7 (in my_gpu/word_reg[20] macro) cannot be properly analyzed as its control pin my_gpu/word_reg[20]/L7/G is not reached by a timing clock
Related violations: <none>

TIMING-20#26 Warning
Non-clocked latch  
The latch my_gpu/word_reg[21] cannot be properly analyzed as its control pin my_gpu/word_reg[21]/G is not reached by a timing clock
Related violations: <none>

TIMING-20#27 Warning
Non-clocked latch  
The latch my_gpu/word_reg[22]/L7 (in my_gpu/word_reg[22] macro) cannot be properly analyzed as its control pin my_gpu/word_reg[22]/L7/G is not reached by a timing clock
Related violations: <none>

TIMING-20#28 Warning
Non-clocked latch  
The latch my_gpu/word_reg[23]/L7 (in my_gpu/word_reg[23] macro) cannot be properly analyzed as its control pin my_gpu/word_reg[23]/L7/G is not reached by a timing clock
Related violations: <none>

TIMING-20#29 Warning
Non-clocked latch  
The latch my_gpu/word_reg[24]/L7 (in my_gpu/word_reg[24] macro) cannot be properly analyzed as its control pin my_gpu/word_reg[24]/L7/G is not reached by a timing clock
Related violations: <none>

TIMING-20#30 Warning
Non-clocked latch  
The latch my_gpu/word_reg[27]/L7 (in my_gpu/word_reg[27] macro) cannot be properly analyzed as its control pin my_gpu/word_reg[27]/L7/G is not reached by a timing clock
Related violations: <none>

TIMING-20#31 Warning
Non-clocked latch  
The latch my_gpu/word_reg[2]/L7 (in my_gpu/word_reg[2] macro) cannot be properly analyzed as its control pin my_gpu/word_reg[2]/L7/G is not reached by a timing clock
Related violations: <none>

TIMING-20#32 Warning
Non-clocked latch  
The latch my_gpu/word_reg[3]/L7 (in my_gpu/word_reg[3] macro) cannot be properly analyzed as its control pin my_gpu/word_reg[3]/L7/G is not reached by a timing clock
Related violations: <none>

TIMING-20#33 Warning
Non-clocked latch  
The latch my_gpu/word_reg[4]/L7 (in my_gpu/word_reg[4] macro) cannot be properly analyzed as its control pin my_gpu/word_reg[4]/L7/G is not reached by a timing clock
Related violations: <none>

TIMING-20#34 Warning
Non-clocked latch  
The latch my_gpu/word_reg[5]/L7 (in my_gpu/word_reg[5] macro) cannot be properly analyzed as its control pin my_gpu/word_reg[5]/L7/G is not reached by a timing clock
Related violations: <none>

TIMING-20#35 Warning
Non-clocked latch  
The latch my_gpu/word_reg[6]/L7 (in my_gpu/word_reg[6] macro) cannot be properly analyzed as its control pin my_gpu/word_reg[6]/L7/G is not reached by a timing clock
Related violations: <none>

TIMING-20#36 Warning
Non-clocked latch  
The latch my_gpu/word_reg[7]/L7 (in my_gpu/word_reg[7] macro) cannot be properly analyzed as its control pin my_gpu/word_reg[7]/L7/G is not reached by a timing clock
Related violations: <none>

TIMING-20#37 Warning
Non-clocked latch  
The latch my_gpu/word_reg[8] cannot be properly analyzed as its control pin my_gpu/word_reg[8]/G is not reached by a timing clock
Related violations: <none>

TIMING-20#38 Warning
Non-clocked latch  
The latch my_gpu/x_norm_reg[0] cannot be properly analyzed as its control pin my_gpu/x_norm_reg[0]/G is not reached by a timing clock
Related violations: <none>

TIMING-20#39 Warning
Non-clocked latch  
The latch my_gpu/x_norm_reg[1] cannot be properly analyzed as its control pin my_gpu/x_norm_reg[1]/G is not reached by a timing clock
Related violations: <none>

TIMING-20#40 Warning
Non-clocked latch  
The latch my_gpu/x_norm_reg[2] cannot be properly analyzed as its control pin my_gpu/x_norm_reg[2]/G is not reached by a timing clock
Related violations: <none>

TIMING-20#41 Warning
Non-clocked latch  
The latch my_gpu/x_norm_reg[3] cannot be properly analyzed as its control pin my_gpu/x_norm_reg[3]/G is not reached by a timing clock
Related violations: <none>

TIMING-20#42 Warning
Non-clocked latch  
The latch my_gpu/x_norm_reg[4] cannot be properly analyzed as its control pin my_gpu/x_norm_reg[4]/G is not reached by a timing clock
Related violations: <none>

TIMING-20#43 Warning
Non-clocked latch  
The latch my_gpu/x_norm_reg[5] cannot be properly analyzed as its control pin my_gpu/x_norm_reg[5]/G is not reached by a timing clock
Related violations: <none>

TIMING-20#44 Warning
Non-clocked latch  
The latch my_gpu/x_norm_reg[6] cannot be properly analyzed as its control pin my_gpu/x_norm_reg[6]/G is not reached by a timing clock
Related violations: <none>

TIMING-20#45 Warning
Non-clocked latch  
The latch my_gpu/x_norm_reg[7] cannot be properly analyzed as its control pin my_gpu/x_norm_reg[7]/G is not reached by a timing clock
Related violations: <none>

TIMING-20#46 Warning
Non-clocked latch  
The latch my_gpu/x_norm_reg[8] cannot be properly analyzed as its control pin my_gpu/x_norm_reg[8]/G is not reached by a timing clock
Related violations: <none>

TIMING-20#47 Warning
Non-clocked latch  
The latch my_gpu/x_norm_reg[9] cannot be properly analyzed as its control pin my_gpu/x_norm_reg[9]/G is not reached by a timing clock
Related violations: <none>

TIMING-20#48 Warning
Non-clocked latch  
The latch my_gpu/y_norm_reg[0] cannot be properly analyzed as its control pin my_gpu/y_norm_reg[0]/G is not reached by a timing clock
Related violations: <none>

TIMING-20#49 Warning
Non-clocked latch  
The latch my_gpu/y_norm_reg[1] cannot be properly analyzed as its control pin my_gpu/y_norm_reg[1]/G is not reached by a timing clock
Related violations: <none>

TIMING-20#50 Warning
Non-clocked latch  
The latch my_gpu/y_norm_reg[2] cannot be properly analyzed as its control pin my_gpu/y_norm_reg[2]/G is not reached by a timing clock
Related violations: <none>

TIMING-20#51 Warning
Non-clocked latch  
The latch my_gpu/y_norm_reg[3] cannot be properly analyzed as its control pin my_gpu/y_norm_reg[3]/G is not reached by a timing clock
Related violations: <none>

TIMING-20#52 Warning
Non-clocked latch  
The latch my_gpu/y_norm_reg[4] cannot be properly analyzed as its control pin my_gpu/y_norm_reg[4]/G is not reached by a timing clock
Related violations: <none>

TIMING-20#53 Warning
Non-clocked latch  
The latch my_gpu/y_norm_reg[5] cannot be properly analyzed as its control pin my_gpu/y_norm_reg[5]/G is not reached by a timing clock
Related violations: <none>

TIMING-20#54 Warning
Non-clocked latch  
The latch my_gpu/y_norm_reg[6] cannot be properly analyzed as its control pin my_gpu/y_norm_reg[6]/G is not reached by a timing clock
Related violations: <none>

TIMING-20#55 Warning
Non-clocked latch  
The latch my_gpu/y_norm_reg[7] cannot be properly analyzed as its control pin my_gpu/y_norm_reg[7]/G is not reached by a timing clock
Related violations: <none>

TIMING-20#56 Warning
Non-clocked latch  
The latch my_gpu/y_norm_reg[8] cannot be properly analyzed as its control pin my_gpu/y_norm_reg[8]/G is not reached by a timing clock
Related violations: <none>

TIMING-20#57 Warning
Non-clocked latch  
The latch my_gpu/y_norm_reg[9] cannot be properly analyzed as its control pin my_gpu/y_norm_reg[9]/G is not reached by a timing clock
Related violations: <none>

LATCH-1#1 Advisory
Existing latches in the design  
There are 57 latches found in the design. Inferred latches are often the result of HDL coding mistakes, such as incomplete if or case statements.
Related violations: <none>


